2026-04-17 22:47:33.191 UTC [29282] LOG:  starting PostgreSQL 16.13 (Ubuntu 16.13-0ubuntu0.24.04.1) on x86_64-pc-linux-gnu, compiled by gcc (Ubuntu 13.3.0-6ubuntu2~24.04.1) 13.3.0, 64-bit
2026-04-17 22:47:33.191 UTC [29282] LOG:  could not bind IPv6 address "::1": Address already in use
2026-04-17 22:47:33.191 UTC [29282] HINT:  Is another postmaster already running on port 5432? If not, wait a few seconds and retry.
2026-04-17 22:47:33.191 UTC [29282] LOG:  could not bind IPv4 address "127.0.0.1": Address already in use
2026-04-17 22:47:33.191 UTC [29282] HINT:  Is another postmaster already running on port 5432? If not, wait a few seconds and retry.
2026-04-17 22:47:33.191 UTC [29282] WARNING:  could not create listen socket for "localhost"
2026-04-17 22:47:33.191 UTC [29282] FATAL:  could not create any TCP/IP sockets
2026-04-17 22:47:33.193 UTC [29282] LOG:  database system is shut down
2026-04-17 22:47:43.236 UTC [29358] LOG:  starting PostgreSQL 16.13 (Ubuntu 16.13-0ubuntu0.24.04.1) on x86_64-pc-linux-gnu, compiled by gcc (Ubuntu 13.3.0-6ubuntu2~24.04.1) 13.3.0, 64-bit
2026-04-17 22:47:43.237 UTC [29358] LOG:  listening on IPv6 address "::1", port 5433
2026-04-17 22:47:43.237 UTC [29358] LOG:  listening on IPv4 address "127.0.0.1", port 5433
2026-04-17 22:47:43.239 UTC [29358] LOG:  listening on Unix socket "/workspaces/resiq-crm/.postgres/run/.s.PGSQL.5433"
2026-04-17 22:47:43.244 UTC [29361] LOG:  database system was shut down at 2026-04-17 22:47:26 UTC
2026-04-17 22:47:43.249 UTC [29358] LOG:  database system is ready to accept connections
2026-04-17 22:47:53.675 UTC [29444] LOG:  invalid length of startup packet
2026-04-17 22:47:53.688 UTC [29445] LOG:  invalid length of startup packet
2026-04-17 22:47:53.701 UTC [29446] LOG:  invalid length of startup packet
2026-04-17 22:47:53.714 UTC [29447] LOG:  invalid length of startup packet
2026-04-17 22:51:51.603 UTC [31098] LOG:  invalid length of startup packet
2026-04-17 22:51:51.617 UTC [31099] LOG:  invalid length of startup packet
2026-04-17 22:51:51.631 UTC [31100] LOG:  invalid length of startup packet
2026-04-17 22:51:51.644 UTC [31101] LOG:  invalid length of startup packet
2026-04-17 22:52:01.147 UTC [31175] LOG:  invalid length of startup packet
2026-04-17 22:52:01.161 UTC [31176] LOG:  invalid length of startup packet
2026-04-17 22:52:01.176 UTC [31177] LOG:  invalid length of startup packet
2026-04-17 22:52:01.194 UTC [31178] LOG:  invalid length of startup packet
2026-04-17 22:52:43.338 UTC [29359] LOG:  checkpoint starting: time
2026-04-17 22:53:11.702 UTC [31889] FATAL:  lock file "postmaster.pid" already exists
2026-04-17 22:53:11.702 UTC [31889] HINT:  Is another postmaster (PID 29358) running in data directory "/workspaces/resiq-crm/.postgres/data"?
2026-04-17 22:54:22.948 UTC [29359] LOG:  checkpoint complete: wrote 997 buffers (6.1%); 0 WAL file(s) added, 0 removed, 0 recycled; write=99.573 s, sync=0.029 s, total=99.611 s; sync files=338, longest=0.009 s, average=0.001 s; distance=4725 kB, estimate=4725 kB; lsn=0/198CD88, redo lsn=0/198CD50
2026-04-17 23:05:35.604 UTC [37422] ERROR:  permission denied for table users
2026-04-17 23:05:35.604 UTC [37422] STATEMENT:  SELECT id FROM users WHERE email = $1
2026-04-17 23:05:49.680 UTC [37616] ERROR:  permission denied for table users
2026-04-17 23:05:49.680 UTC [37616] STATEMENT:  SELECT id FROM users WHERE email = $1
2026-04-17 23:08:38.593 UTC [44661] ERROR:  permission denied for table users
2026-04-17 23:08:38.593 UTC [44661] STATEMENT:  SELECT id FROM users WHERE email = $1
2026-04-17 23:09:12.638 UTC [51724] ERROR:  permission denied for table users
2026-04-17 23:09:12.638 UTC [51724] STATEMENT:  SELECT id FROM users WHERE email = $1
2026-04-17 23:09:17.845 UTC [52954] ERROR:  permission denied for table users
2026-04-17 23:09:17.845 UTC [52954] STATEMENT:  SELECT id FROM users WHERE email = $1
2026-04-17 23:09:31.682 UTC [55451] ERROR:  permission denied for table users
2026-04-17 23:09:31.682 UTC [55451] STATEMENT:  SELECT id FROM users WHERE email = $1
2026-04-17 23:12:44.304 UTC [29359] LOG:  checkpoint starting: time
2026-04-17 23:12:46.150 UTC [29359] LOG:  checkpoint complete: wrote 19 buffers (0.1%); 0 WAL file(s) added, 0 removed, 0 recycled; write=1.808 s, sync=0.006 s, total=1.847 s; sync files=15, longest=0.004 s, average=0.001 s; distance=17 kB, estimate=4254 kB; lsn=0/1991330, redo lsn=0/19912F8
2026-04-17 23:17:44.251 UTC [29359] LOG:  checkpoint starting: time
2026-04-17 23:17:44.782 UTC [29359] LOG:  checkpoint complete: wrote 6 buffers (0.0%); 0 WAL file(s) added, 0 removed, 0 recycled; write=0.503 s, sync=0.003 s, total=0.532 s; sync files=5, longest=0.002 s, average=0.001 s; distance=1 kB, estimate=3829 kB; lsn=0/1991810, redo lsn=0/19917D8
2026-04-17 23:32:45.069 UTC [29359] LOG:  checkpoint starting: time
2026-04-17 23:32:45.690 UTC [29359] LOG:  checkpoint complete: wrote 7 buffers (0.0%); 0 WAL file(s) added, 0 removed, 0 recycled; write=0.604 s, sync=0.006 s, total=0.622 s; sync files=6, longest=0.006 s, average=0.001 s; distance=2 kB, estimate=3446 kB; lsn=0/19920B8, redo lsn=0/1992080
